<?xml version="1.0" encoding="UTF-8"?>
<testsuite xmlns:xsi="http://www.w3.org/2001/XMLSchema-instance" xsi:noNamespaceSchemaLocation="https://maven.apache.org/surefire/maven-surefire-plugin/xsd/surefire-test-report-3.0.xsd" version="3.0" name="org.cano.junitapp.ejemplo.models.CuentaTest$EjemploTimeoutTest" time="9.093" tests="3" errors="0" skipped="0" failures="0">
  <properties>
[...]
</properties>
  <testcase name="testTimeOut" classname="org.cano.junitapp.ejemplo.models.CuentaTest$EjemploTimeoutTest" time="4.127">
    <system-out><![CDATA[Inicializando el test
Iniciando el metodo
Finalizando el metodo de prueba.
]]></system-out>
  </testcase>
  <testcase name="pruebaTimeOutAssertions" classname="org.cano.junitapp.ejemplo.models.CuentaTest$EjemploTimeoutTest" time="4.018">
    <system-out><![CDATA[Iniciando el metodo
Finalizando el metodo de prueba.
]]></system-out>
  </testcase>
  <testcase name="testTimeOut2" classname="org.cano.junitapp.ejemplo.models.CuentaTest$EjemploTimeoutTest" time="0.915">
    <system-out><![CDATA[Iniciando el metodo
Finalizando el metodo de prueba.
]]></system-out>
  </testcase>
</testsuite>